{
  "numTotalTestSuites": 6,
  "numPassedTestSuites": 6,
  "numFailedTestSuites": 0,
  "numPendingTestSuites": 0,
  "numTotalTests": 5,
  "numPassedTests": 5,
  "numFailedTests": 0,
  "numPendingTests": 0,
  "numTodoTests": 0,
  "startTime": 1692284183928,
  "success": true,
  "testResults": [
    {
      "assertionResults": [
        {
          "ancestorTitles": [
            "",
            "mapProp"
          ],
          "fullName": " mapProp should pick an property from a object",
          "status": "passed",
          "title": "should pick an property from a object",
          "duration": 3,
          "failureMessages": []
        }
      ],
      "startTime": 1692284184250,
      "endTime": 1692284184253,
      "status": "passed",
      "message": "",
      "name": "/Users/odin.rochmann/dev/tmp/fusion-framework/packages/utils/observable/tests/operators/map-prop.test.ts"
    },
    {
      "assertionResults": [
        {
          "ancestorTitles": [
            "",
            "useObservableSelector"
          ],
          "fullName": " useObservableSelector should create an observable selector by path",
          "status": "passed",
          "title": "should create an observable selector by path",
          "duration": 7,
          "failureMessages": []
        },
        {
          "ancestorTitles": [
            "",
            "useObservableSelector"
          ],
          "fullName": " useObservableSelector should create an observable selector by callback",
          "status": "passed",
          "title": "should create an observable selector by callback",
          "duration": 3,
          "failureMessages": []
        }
      ],
      "startTime": 1692284184368,
      "endTime": 1692284184378,
      "status": "passed",
      "message": "",
      "name": "/Users/odin.rochmann/dev/tmp/fusion-framework/packages/utils/observable/tests/react/useObservableSelector.test.ts"
    },
    {
      "assertionResults": [
        {
          "ancestorTitles": [
            "",
            "useObservableState"
          ],
          "fullName": " useObservableState should sync state with an Observable",
          "status": "passed",
          "title": "should sync state with an Observable",
          "duration": 7,
          "failureMessages": []
        },
        {
          "ancestorTitles": [
            "",
            "useObservableState"
          ],
          "fullName": " useObservableState should sync state with an Stateful Observable",
          "status": "passed",
          "title": "should sync state with an Stateful Observable",
          "duration": 2,
          "failureMessages": []
        }
      ],
      "startTime": 1692284184368,
      "endTime": 1692284184378,
      "status": "passed",
      "message": "",
      "name": "/Users/odin.rochmann/dev/tmp/fusion-framework/packages/utils/observable/tests/react/useObservableState.test.ts"
    }
  ]
}